  INFO: rootLogger - *** Test Execution is started ***
  INFO: rootLogger - Config.properties file loaded successfully.
  INFO: rootLogger - Objects.properties file loaded successfully.
  INFO: rootLogger - Chrome Driver Instance loaded successfully.
  INFO: helpers.Log - Click action is perfromed on My Account link
  INFO: helpers.Log -  is entered in UserName text box
  INFO: helpers.Log -  is entered in Password text box
  INFO: helpers.Log - Click action is performed on Submit button
  INFO: helpers.Log - Sign out is performed
  INFO: rootLogger - *** Test Execution is started ***
  INFO: rootLogger - Config.properties file loaded successfully.
  INFO: rootLogger - Objects.properties file loaded successfully.
  INFO: rootLogger - *** Test Execution is started ***
  INFO: rootLogger - Config.properties file loaded successfully.
  INFO: rootLogger - Objects.properties file loaded successfully.
  INFO: rootLogger - Chrome Driver Instance loaded successfully.
  INFO: helpers.Log - Click action is perfromed on My Account link
  INFO: helpers.Log -  is entered in UserName text box
  INFO: helpers.Log -  is entered in Password text box
  INFO: helpers.Log - Click action is performed on Submit button
  INFO: helpers.Log - Sign out is performed
  INFO: rootLogger - *** Test Execution is started ***
  INFO: rootLogger - Config.properties file loaded successfully.
  INFO: rootLogger - Objects.properties file loaded successfully.
  INFO: rootLogger - *** Test Execution is started ***
  INFO: rootLogger - Config.properties file loaded successfully.
  INFO: rootLogger - Objects.properties file loaded successfully.
  INFO: rootLogger - Chrome Driver Instance loaded successfully.
  INFO: helpers.Log - Click action is perfromed on My Account link
  INFO: helpers.Log -  is entered in UserName text box
  INFO: helpers.Log -  is entered in Password text box
  INFO: helpers.Log - Click action is performed on Submit button
  INFO: helpers.Log - Sign out is performed
  INFO: rootLogger - *** Test Execution is started ***
  INFO: rootLogger - Config.properties file loaded successfully.
  INFO: rootLogger - Objects.properties file loaded successfully.
  INFO: rootLogger - *** Test Execution is started ***
  INFO: rootLogger - Config.properties file loaded successfully.
  INFO: rootLogger - Objects.properties file loaded successfully.
  INFO: rootLogger - Chrome Driver Instance loaded successfully.
  INFO: helpers.Log - Click action is perfromed on My Account link
  INFO: helpers.Log -  is entered in UserName text box
  INFO: helpers.Log -  is entered in Password text box
  INFO: helpers.Log - Click action is performed on Submit button
  INFO: helpers.Log - Sign out is performed
  INFO: rootLogger - *** Test Execution is started ***
  INFO: rootLogger - Config.properties file loaded successfully.
  INFO: rootLogger - Objects.properties file loaded successfully.
  INFO: rootLogger - *** Test Execution is started ***
  INFO: rootLogger - Config.properties file loaded successfully.
  INFO: rootLogger - Objects.properties file loaded successfully.
  INFO: rootLogger - Chrome Driver Instance loaded successfully.
  INFO: helpers.Log - Click action is perfromed on My Account link
  INFO: helpers.Log -  is entered in UserName text box
  INFO: helpers.Log -  is entered in Password text box
  INFO: helpers.Log - Click action is performed on Submit button
  INFO: helpers.Log - Sign out is performed
  INFO: rootLogger - *** Test Execution is started ***
  INFO: rootLogger - Config.properties file loaded successfully.
  INFO: rootLogger - Objects.properties file loaded successfully.
  INFO: rootLogger - *** Test Execution is started ***
  INFO: rootLogger - Config.properties file loaded successfully.
  INFO: rootLogger - Objects.properties file loaded successfully.
  INFO: rootLogger - Chrome Driver Instance loaded successfully.
  INFO: helpers.Log - Click action is perfromed on My Account link
  INFO: helpers.Log -  is entered in UserName text box
  INFO: helpers.Log -  is entered in Password text box
  INFO: helpers.Log - Click action is performed on Submit button
  INFO: helpers.Log - Sign out is performed
  INFO: rootLogger - *** Test Execution is started ***
  INFO: rootLogger - Config.properties file loaded successfully.
  INFO: rootLogger - Objects.properties file loaded successfully.
  INFO: rootLogger - *** Test Execution is started ***
  INFO: rootLogger - Config.properties file loaded successfully.
  INFO: rootLogger - Objects.properties file loaded successfully.
  INFO: rootLogger - Chrome Driver Instance loaded successfully.
  INFO: helpers.Log - Click action is perfromed on My Account link
  INFO: helpers.Log -  is entered in UserName text box
  INFO: helpers.Log -  is entered in Password text box
  INFO: helpers.Log - Click action is performed on Submit button
  INFO: helpers.Log - Sign out is performed
  INFO: rootLogger - *** Test Execution is started ***
  INFO: rootLogger - Config.properties file loaded successfully.
  INFO: rootLogger - Objects.properties file loaded successfully.
  INFO: rootLogger - *** Test Execution is started ***
  INFO: rootLogger - Config.properties file loaded successfully.
  INFO: rootLogger - Objects.properties file loaded successfully.
  INFO: rootLogger - Chrome Driver Instance loaded successfully.
  INFO: helpers.Log - Click action is perfromed on My Account link
  INFO: helpers.Log -  is entered in UserName text box
  INFO: helpers.Log -  is entered in Password text box
  INFO: helpers.Log - Click action is performed on Submit button
  INFO: helpers.Log - Sign out is performed
  INFO: rootLogger - *** Test Execution is started ***
  INFO: rootLogger - Config.properties file loaded successfully.
  INFO: rootLogger - Objects.properties file loaded successfully.
  INFO: rootLogger - *** Test Execution is started ***
  INFO: rootLogger - Config.properties file loaded successfully.
  INFO: rootLogger - Objects.properties file loaded successfully.
  INFO: rootLogger - Chrome Driver Instance loaded successfully.
  INFO: helpers.Log - Click action is perfromed on My Account link
  INFO: helpers.Log -  is entered in UserName text box
  INFO: helpers.Log -  is entered in Password text box
  INFO: helpers.Log - Click action is performed on Submit button
  INFO: helpers.Log - Sign out is performed
  INFO: rootLogger - *** Test Execution is started ***
  INFO: rootLogger - Config.properties file loaded successfully.
  INFO: rootLogger - Objects.properties file loaded successfully.
  INFO: rootLogger - *** Test Execution is started ***
  INFO: rootLogger - Config.properties file loaded successfully.
  INFO: rootLogger - Objects.properties file loaded successfully.
  INFO: rootLogger - Chrome Driver Instance loaded successfully.
  INFO: helpers.Log - Click action is perfromed on My Account link
  INFO: helpers.Log -  is entered in UserName text box
  INFO: helpers.Log -  is entered in Password text box
  INFO: helpers.Log - Click action is performed on Submit button
  INFO: helpers.Log - Sign out is performed
  INFO: rootLogger - *** Test Execution is started ***
  INFO: rootLogger - Config.properties file loaded successfully.
  INFO: rootLogger - Objects.properties file loaded successfully.
  INFO: rootLogger - *** Test Execution is started ***
  INFO: rootLogger - Config.properties file loaded successfully.
  INFO: rootLogger - Objects.properties file loaded successfully.
  INFO: rootLogger - Chrome Driver Instance loaded successfully.
  INFO: helpers.Log - Click action is perfromed on My Account link
  INFO: helpers.Log -  is entered in UserName text box
  INFO: helpers.Log -  is entered in Password text box
  INFO: helpers.Log - Click action is performed on Submit button
  INFO: helpers.Log - Sign out is performed
  INFO: rootLogger - *** Test Execution is started ***
  INFO: rootLogger - Config.properties file loaded successfully.
  INFO: rootLogger - Objects.properties file loaded successfully.
  INFO: rootLogger - *** Test Execution is started ***
  INFO: rootLogger - Config.properties file loaded successfully.
  INFO: rootLogger - Objects.properties file loaded successfully.
  INFO: rootLogger - Chrome Driver Instance loaded successfully.
  INFO: helpers.Log - Click action is perfromed on My Account link
  INFO: helpers.Log -  is entered in UserName text box
  INFO: helpers.Log -  is entered in Password text box
  INFO: helpers.Log - Click action is performed on Submit button
  INFO: helpers.Log - Sign out is performed
  INFO: rootLogger - *** Test Execution is started ***
  INFO: rootLogger - Config.properties file loaded successfully.
  INFO: rootLogger - Objects.properties file loaded successfully.
  INFO: rootLogger - *** Test Execution is started ***
  INFO: rootLogger - Config.properties file loaded successfully.
  INFO: rootLogger - Objects.properties file loaded successfully.
  INFO: rootLogger - Chrome Driver Instance loaded successfully.
  INFO: helpers.Log - Click action is perfromed on My Account link
  INFO: helpers.Log -  is entered in UserName text box
  INFO: helpers.Log -  is entered in Password text box
  INFO: helpers.Log - Click action is performed on Submit button
  INFO: helpers.Log - Sign out is performed
  INFO: rootLogger - *** Test Execution is started ***
  INFO: rootLogger - Config.properties file loaded successfully.
  INFO: rootLogger - Objects.properties file loaded successfully.
  INFO: rootLogger - *** Test Execution is started ***
  INFO: rootLogger - Config.properties file loaded successfully.
  INFO: rootLogger - Objects.properties file loaded successfully.
  INFO: rootLogger - Chrome Driver Instance loaded successfully.
  INFO: helpers.Log - Click action is perfromed on My Account link
  INFO: helpers.Log -  is entered in UserName text box
  INFO: helpers.Log -  is entered in Password text box
  INFO: helpers.Log - Click action is performed on Submit button
  INFO: helpers.Log - Sign out is performed
  INFO: rootLogger - *** Test Execution is started ***
  INFO: rootLogger - Config.properties file loaded successfully.
  INFO: rootLogger - Objects.properties file loaded successfully.
  INFO: rootLogger - *** Test Execution is started ***
  INFO: rootLogger - Config.properties file loaded successfully.
  INFO: rootLogger - Objects.properties file loaded successfully.
  INFO: rootLogger - Chrome Driver Instance loaded successfully.
  INFO: helpers.Log - Click action is perfromed on My Account link
  INFO: helpers.Log -  is entered in UserName text box
  INFO: helpers.Log -  is entered in Password text box
  INFO: helpers.Log - Click action is performed on Submit button
  INFO: helpers.Log - Sign out is performed
  INFO: rootLogger - *** Test Execution is started ***
  INFO: rootLogger - Config.properties file loaded successfully.
  INFO: rootLogger - Objects.properties file loaded successfully.
  INFO: rootLogger - *** Test Execution is started ***
  INFO: rootLogger - Config.properties file loaded successfully.
  INFO: rootLogger - Objects.properties file loaded successfully.
  INFO: rootLogger - Chrome Driver Instance loaded successfully.
  INFO: helpers.Log - Click action is perfromed on My Account link
  INFO: helpers.Log -  is entered in UserName text box
  INFO: helpers.Log -  is entered in Password text box
  INFO: helpers.Log - Click action is performed on Submit button
  INFO: helpers.Log - Sign out is performed
  INFO: rootLogger - *** Test Execution is started ***
  INFO: rootLogger - Config.properties file loaded successfully.
  INFO: rootLogger - Objects.properties file loaded successfully.
